<?xml version="1.0" encoding="UTF-8"?>
<!-- Generated by org.testng.reporters.JUnitReportReporter -->
<testsuite skipped="0" hostname="LAPTOP-7HB0FH4D" name="test.Test1" tests="1" failures="0" timestamp="2022-04-06T13:04:43 CDT" time="11.592" errors="0">
  <testcase name="userAddingCategory" time="11.592" classname="test.Test1"/>
  <system-out/>
</testsuite> <!-- test.Test1 -->
